build/app/intermediates/manifest_merge_blame_file/release/manifest-merger-blame-release-report.txt
1<?xml version="1.0" encoding="utf-8"?>
2<manifest xmlns:android="http://schemas.android.com/apk/res/android"
3    package="com.pichillilorenzo.lova"
4    android:versionCode="1"
5    android:versionName="1.0.0" >
6
7    <uses-sdk
8        android:minSdkVersion="17"
8-->src/main/AndroidManifest.xml
9        android:targetSdkVersion="31" />
9-->src/main/AndroidManifest.xml
10
11    <!--
12         The INTERNET permission is required for development. Specifically,
13         flutter needs it to communicate with the running application
14         to allow setting breakpoints, to provide hot reload, etc.
15    -->
16    <uses-permission android:name="android.permission.INTERNET" />
16-->src/main/AndroidManifest.xml:8:5-66
16-->src/main/AndroidManifest.xml:8:22-64
17    <uses-permission android:name="android.permission.READ_EXTERNAL_STORAGE" />
17-->src/main/AndroidManifest.xml:9:5-79
17-->src/main/AndroidManifest.xml:9:22-77
18    <uses-permission android:name="android.permission.WRITE_EXTERNAL_STORAGE" />
18-->src/main/AndroidManifest.xml:10:5-80
18-->src/main/AndroidManifest.xml:10:22-78
19    <uses-permission android:name="android.permission.ACCESS_FINE_LOCATION" />
19-->src/main/AndroidManifest.xml:12:5-78
19-->src/main/AndroidManifest.xml:12:22-76
20    <uses-permission android:name="android.permission.ACCESS_COARSE_LOCATION" />
20-->src/main/AndroidManifest.xml:13:5-80
20-->src/main/AndroidManifest.xml:13:22-78
21    <uses-permission android:name="android.permission.ACCESS_GPS" />
21-->src/main/AndroidManifest.xml:14:5-69
21-->src/main/AndroidManifest.xml:14:22-66
22    <uses-permission android:name="android.permission.ACCESS_ASSISTED_GPS" />
22-->src/main/AndroidManifest.xml:15:5-78
22-->src/main/AndroidManifest.xml:15:22-75
23    <uses-permission android:name="android.permission.ACCESS_LOCATION" />
23-->src/main/AndroidManifest.xml:16:5-74
23-->src/main/AndroidManifest.xml:16:22-71
24    <uses-permission android:name="android.permission.CAMERA" />
24-->src/main/AndroidManifest.xml:18:5-65
24-->src/main/AndroidManifest.xml:18:22-62
25    <uses-permission android:name="android.permission.RECORD_AUDIO" />
25-->src/main/AndroidManifest.xml:19:5-71
25-->src/main/AndroidManifest.xml:19:22-68
26    <uses-permission android:name="android.permission.MODIFY_AUDIO_SETTINGS" />
26-->src/main/AndroidManifest.xml:20:5-80
26-->src/main/AndroidManifest.xml:20:22-77
27    <uses-permission android:name="android.permission.VIDEO_CAPTURE" />
27-->src/main/AndroidManifest.xml:21:5-72
27-->src/main/AndroidManifest.xml:21:22-69
28    <uses-permission android:name="android.permission.AUDIO_CAPTURE" />
28-->src/main/AndroidManifest.xml:22:5-72
28-->src/main/AndroidManifest.xml:22:22-69
29    <uses-permission android:name="android.permission.ACCESS_NETWORK_STATE" />
29-->[:network_info_plus] AndroidManifest.xml:7:5-79
29-->[:network_info_plus] AndroidManifest.xml:7:22-76
30    <uses-permission android:name="android.permission.ACCESS_WIFI_STATE" />
30-->[:network_info_plus] AndroidManifest.xml:8:5-76
30-->[:network_info_plus] AndroidManifest.xml:8:22-73
31
32    <queries>
32-->[:flutter_inappwebview] AndroidManifest.xml:7:5-11:15
33        <intent>
33-->[:flutter_inappwebview] AndroidManifest.xml:8:9-10:18
34            <action android:name="android.support.customtabs.action.CustomTabsService" />
34-->[:flutter_inappwebview] AndroidManifest.xml:9:13-90
34-->[:flutter_inappwebview] AndroidManifest.xml:9:21-87
35        </intent>
36        <intent>
36-->[:flutter_downloader] AndroidManifest.xml:9:9-11:18
37            <action android:name="android.intent.action.VIEW" />
37-->[:flutter_downloader] AndroidManifest.xml:10:13-65
37-->[:flutter_downloader] AndroidManifest.xml:10:21-62
38        </intent>
39    </queries>
40
41    <uses-permission android:name="android.permission.WAKE_LOCK" />
41-->[androidx.work:work-runtime:2.7.1] AndroidManifest.xml:25:5-68
41-->[androidx.work:work-runtime:2.7.1] AndroidManifest.xml:25:22-65
42    <uses-permission android:name="android.permission.RECEIVE_BOOT_COMPLETED" />
42-->[androidx.work:work-runtime:2.7.1] AndroidManifest.xml:27:5-81
42-->[androidx.work:work-runtime:2.7.1] AndroidManifest.xml:27:22-78
43    <uses-permission android:name="android.permission.FOREGROUND_SERVICE" />
43-->[androidx.work:work-runtime:2.7.1] AndroidManifest.xml:28:5-77
43-->[androidx.work:work-runtime:2.7.1] AndroidManifest.xml:28:22-74
44    <!--
45 io.flutter.app.FlutterApplication is an android.app.Application that
46         calls FlutterMain.startInitialization(this); in its onCreate method.
47         In most cases you can leave this as-is, but you if you want to provide
48         additional functionality it is fine to subclass or reimplement
49         FlutterApplication and put your custom class here.
50    -->
51    <application
51-->src/main/AndroidManifest.xml:29:5-98:19
52        android:name="androidx.multidex.MultiDexApplication"
53        android:appComponentFactory="androidx.core.app.CoreComponentFactory"
53-->[androidx.core:core:1.7.0] AndroidManifest.xml:24:18-86
54        android:icon="@mipmap/ic_launcher"
54-->src/main/AndroidManifest.xml:32:9-43
55        android:label="Motuo"
55-->src/main/AndroidManifest.xml:30:9-30
56        android:usesCleartextTraffic="true" >
56-->src/main/AndroidManifest.xml:31:9-44
57        <meta-data
57-->src/main/AndroidManifest.xml:33:9-35:59
58            android:name="asset_statements"
58-->src/main/AndroidManifest.xml:34:13-44
59            android:resource="@string/asset_statements" />
59-->src/main/AndroidManifest.xml:35:13-56
60
61        <!--
62             Don't delete the meta-data below.
63             This is used by the Flutter tool to generate GeneratedPluginRegistrant.java
64        -->
65        <meta-data
65-->src/main/AndroidManifest.xml:39:9-41:33
66            android:name="flutterEmbedding"
66-->src/main/AndroidManifest.xml:40:13-44
67            android:value="2" />
67-->src/main/AndroidManifest.xml:41:13-30
68        <!-- <activity -->
69        <!-- android:configChanges="orientation|keyboardHidden|keyboard|screenSize|locale|layoutDirection|fontScale|screenLayout|density" -->
70        <!-- android:exported="true" -->
71        <!-- android:hardwareAccelerated="true" -->
72        <!-- android:launchMode="singleTop" -->
73        <!-- android:name=".EmbedderV1Activity" -->
74        <!-- android:theme="@style/LaunchTheme" -->
75        <!-- android:windowSoftInputMode="adjustResize"> -->
76        <!-- &lt;!&ndash; This keeps the window background of the activity showing -->
77        <!-- until Flutter renders its first frame. It can be removed if -->
78        <!-- there is no splash screen (such as the default splash screen -->
79        <!-- defined in @style/LaunchTheme). &ndash;&gt; -->
80        <!-- <meta-data -->
81        <!-- android:name="io.flutter.app.android.SplashScreenUntilFirstFrame" -->
82        <!-- android:value="true"/> -->
83        <!-- </activity> -->
84        <activity
84-->src/main/AndroidManifest.xml:58:9-70:20
85            android:name="io.flutter.embedding.android.FlutterActivity"
85-->src/main/AndroidManifest.xml:63:13-72
86            android:configChanges="orientation|keyboardHidden|keyboard|screenSize|locale|layoutDirection|fontScale|screenLayout|density"
86-->src/main/AndroidManifest.xml:59:13-137
87            android:exported="true"
87-->src/main/AndroidManifest.xml:62:13-36
88            android:hardwareAccelerated="true"
88-->src/main/AndroidManifest.xml:60:13-47
89            android:launchMode="singleTop"
89-->src/main/AndroidManifest.xml:61:13-43
90            android:theme="@style/LaunchTheme"
90-->src/main/AndroidManifest.xml:64:13-47
91            android:windowSoftInputMode="adjustResize" >
91-->src/main/AndroidManifest.xml:65:13-55
92            <intent-filter>
92-->src/main/AndroidManifest.xml:66:13-69:29
93                <action android:name="android.intent.action.MAIN" />
93-->src/main/AndroidManifest.xml:67:17-68
93-->src/main/AndroidManifest.xml:67:25-66
94
95                <category android:name="android.intent.category.LAUNCHER" />
95-->src/main/AndroidManifest.xml:68:17-76
95-->src/main/AndroidManifest.xml:68:27-74
96            </intent-filter>
97        </activity>
98
99        <provider
100            android:name="androidx.core.content.FileProvider"
100-->src/main/AndroidManifest.xml:73:13-62
101            android:authorities="com.pichillilorenzo.lova.flutter_inappwebview.fileprovider"
101-->src/main/AndroidManifest.xml:74:13-85
102            android:exported="false"
102-->src/main/AndroidManifest.xml:75:13-37
103            android:grantUriPermissions="true" >
103-->src/main/AndroidManifest.xml:76:13-47
104            <meta-data
104-->src/main/AndroidManifest.xml:77:13-79:58
105                android:name="android.support.FILE_PROVIDER_PATHS"
105-->src/main/AndroidManifest.xml:78:17-67
106                android:resource="@xml/provider_paths" />
106-->src/main/AndroidManifest.xml:79:17-55
107        </provider>
108        <provider
109            android:name="vn.hunghd.flutterdownloader.DownloadedFileProvider"
109-->src/main/AndroidManifest.xml:83:13-78
110            android:authorities="com.pichillilorenzo.lova.flutter_downloader.provider"
110-->src/main/AndroidManifest.xml:84:13-79
111            android:exported="false"
111-->src/main/AndroidManifest.xml:85:13-37
112            android:grantUriPermissions="true" >
112-->src/main/AndroidManifest.xml:86:13-47
113            <meta-data
113-->src/main/AndroidManifest.xml:77:13-79:58
114                android:name="android.support.FILE_PROVIDER_PATHS"
114-->src/main/AndroidManifest.xml:78:17-67
115                android:resource="@xml/provider_paths" />
115-->src/main/AndroidManifest.xml:79:17-55
116        </provider>
117
118        <!-- Hybrid composition -->
119        <meta-data
119-->src/main/AndroidManifest.xml:93:9-95:36
120            android:name="io.flutter.embedded_views_preview"
120-->src/main/AndroidManifest.xml:94:13-61
121            android:value="true" />
121-->src/main/AndroidManifest.xml:95:13-33
122
123        <activity
123-->[:flutter_inappwebview] AndroidManifest.xml:14:9-18:47
124            android:name="com.pichillilorenzo.flutter_inappwebview.in_app_browser.InAppBrowserActivity"
124-->[:flutter_inappwebview] AndroidManifest.xml:15:13-104
125            android:configChanges="orientation|keyboardHidden|keyboard|screenSize|locale|layoutDirection|fontScale|screenLayout|density"
125-->[:flutter_inappwebview] AndroidManifest.xml:16:13-137
126            android:exported="true"
126-->[:flutter_inappwebview] AndroidManifest.xml:17:13-36
127            android:theme="@style/AppTheme" />
127-->[:flutter_inappwebview] AndroidManifest.xml:18:13-44
128        <activity
128-->[:flutter_inappwebview] AndroidManifest.xml:19:9-22:55
129            android:name="com.pichillilorenzo.flutter_inappwebview.chrome_custom_tabs.ChromeCustomTabsActivity"
129-->[:flutter_inappwebview] AndroidManifest.xml:20:13-112
130            android:exported="true"
130-->[:flutter_inappwebview] AndroidManifest.xml:21:13-36
131            android:theme="@style/ThemeTransparent" />
131-->[:flutter_inappwebview] AndroidManifest.xml:22:13-52
132        <activity
132-->[:flutter_inappwebview] AndroidManifest.xml:23:9-26:55
133            android:name="com.pichillilorenzo.flutter_inappwebview.chrome_custom_tabs.TrustedWebActivity"
133-->[:flutter_inappwebview] AndroidManifest.xml:24:13-106
134            android:exported="true"
134-->[:flutter_inappwebview] AndroidManifest.xml:25:13-36
135            android:theme="@style/ThemeTransparent" />
135-->[:flutter_inappwebview] AndroidManifest.xml:26:13-52
136        <activity
136-->[:flutter_inappwebview] AndroidManifest.xml:27:9-31:55
137            android:name="com.pichillilorenzo.flutter_inappwebview.chrome_custom_tabs.ChromeCustomTabsActivitySingleInstance"
137-->[:flutter_inappwebview] AndroidManifest.xml:28:13-126
138            android:exported="true"
138-->[:flutter_inappwebview] AndroidManifest.xml:29:13-36
139            android:launchMode="singleInstance"
139-->[:flutter_inappwebview] AndroidManifest.xml:30:13-48
140            android:theme="@style/ThemeTransparent" />
140-->[:flutter_inappwebview] AndroidManifest.xml:31:13-52
141        <activity
141-->[:flutter_inappwebview] AndroidManifest.xml:32:9-36:55
142            android:name="com.pichillilorenzo.flutter_inappwebview.chrome_custom_tabs.TrustedWebActivitySingleInstance"
142-->[:flutter_inappwebview] AndroidManifest.xml:33:13-120
143            android:exported="true"
143-->[:flutter_inappwebview] AndroidManifest.xml:34:13-36
144            android:launchMode="singleInstance"
144-->[:flutter_inappwebview] AndroidManifest.xml:35:13-48
145            android:theme="@style/ThemeTransparent" />
145-->[:flutter_inappwebview] AndroidManifest.xml:36:13-52
146
147        <receiver
147-->[:flutter_inappwebview] AndroidManifest.xml:38:9-41:40
148            android:name="com.pichillilorenzo.flutter_inappwebview.chrome_custom_tabs.ActionBroadcastReceiver"
148-->[:flutter_inappwebview] AndroidManifest.xml:39:13-111
149            android:enabled="true"
149-->[:flutter_inappwebview] AndroidManifest.xml:40:13-35
150            android:exported="false" />
150-->[:flutter_inappwebview] AndroidManifest.xml:41:13-37
151
152        <activity
152-->[:url_launcher_android] AndroidManifest.xml:8:9-11:74
153            android:name="io.flutter.plugins.urllauncher.WebViewActivity"
153-->[:url_launcher_android] AndroidManifest.xml:9:13-74
154            android:exported="false"
154-->[:url_launcher_android] AndroidManifest.xml:10:13-37
155            android:theme="@android:style/Theme.NoTitleBar.Fullscreen" />
155-->[:url_launcher_android] AndroidManifest.xml:11:13-71
156
157        <provider
157-->[androidx.work:work-runtime:2.7.1] AndroidManifest.xml:31:9-39:20
158            android:name="androidx.startup.InitializationProvider"
158-->[androidx.work:work-runtime:2.7.1] AndroidManifest.xml:32:13-67
159            android:authorities="com.pichillilorenzo.lova.androidx-startup"
159-->[androidx.work:work-runtime:2.7.1] AndroidManifest.xml:33:13-68
160            android:exported="false" >
160-->[androidx.work:work-runtime:2.7.1] AndroidManifest.xml:34:13-37
161            <meta-data
161-->[androidx.work:work-runtime:2.7.1] AndroidManifest.xml:36:13-38:52
162                android:name="androidx.work.WorkManagerInitializer"
162-->[androidx.work:work-runtime:2.7.1] AndroidManifest.xml:37:17-68
163                android:value="androidx.startup" />
163-->[androidx.work:work-runtime:2.7.1] AndroidManifest.xml:38:17-49
164            <meta-data
164-->[androidx.emoji2:emoji2:1.0.0] AndroidManifest.xml:31:13-33:52
165                android:name="androidx.emoji2.text.EmojiCompatInitializer"
165-->[androidx.emoji2:emoji2:1.0.0] AndroidManifest.xml:32:17-75
166                android:value="androidx.startup" />
166-->[androidx.emoji2:emoji2:1.0.0] AndroidManifest.xml:33:17-49
167            <meta-data
167-->[androidx.lifecycle:lifecycle-process:2.4.0] AndroidManifest.xml:31:13-33:52
168                android:name="androidx.lifecycle.ProcessLifecycleInitializer"
168-->[androidx.lifecycle:lifecycle-process:2.4.0] AndroidManifest.xml:32:17-78
169                android:value="androidx.startup" />
169-->[androidx.lifecycle:lifecycle-process:2.4.0] AndroidManifest.xml:33:17-49
170        </provider>
171
172        <service
172-->[androidx.work:work-runtime:2.7.1] AndroidManifest.xml:41:9-46:35
173            android:name="androidx.work.impl.background.systemalarm.SystemAlarmService"
173-->[androidx.work:work-runtime:2.7.1] AndroidManifest.xml:42:13-88
174            android:directBootAware="false"
174-->[androidx.work:work-runtime:2.7.1] AndroidManifest.xml:43:13-44
175            android:enabled="@bool/enable_system_alarm_service_default"
175-->[androidx.work:work-runtime:2.7.1] AndroidManifest.xml:44:13-72
176            android:exported="false" />
176-->[androidx.work:work-runtime:2.7.1] AndroidManifest.xml:45:13-37
177        <service
177-->[androidx.work:work-runtime:2.7.1] AndroidManifest.xml:47:9-53:35
178            android:name="androidx.work.impl.background.systemjob.SystemJobService"
178-->[androidx.work:work-runtime:2.7.1] AndroidManifest.xml:48:13-84
179            android:directBootAware="false"
179-->[androidx.work:work-runtime:2.7.1] AndroidManifest.xml:49:13-44
180            android:enabled="@bool/enable_system_job_service_default"
180-->[androidx.work:work-runtime:2.7.1] AndroidManifest.xml:50:13-70
181            android:exported="true"
181-->[androidx.work:work-runtime:2.7.1] AndroidManifest.xml:51:13-36
182            android:permission="android.permission.BIND_JOB_SERVICE" />
182-->[androidx.work:work-runtime:2.7.1] AndroidManifest.xml:52:13-69
183        <service
183-->[androidx.work:work-runtime:2.7.1] AndroidManifest.xml:54:9-59:35
184            android:name="androidx.work.impl.foreground.SystemForegroundService"
184-->[androidx.work:work-runtime:2.7.1] AndroidManifest.xml:55:13-81
185            android:directBootAware="false"
185-->[androidx.work:work-runtime:2.7.1] AndroidManifest.xml:56:13-44
186            android:enabled="@bool/enable_system_foreground_service_default"
186-->[androidx.work:work-runtime:2.7.1] AndroidManifest.xml:57:13-77
187            android:exported="false" />
187-->[androidx.work:work-runtime:2.7.1] AndroidManifest.xml:58:13-37
188
189        <receiver
189-->[androidx.work:work-runtime:2.7.1] AndroidManifest.xml:61:9-66:35
190            android:name="androidx.work.impl.utils.ForceStopRunnable$BroadcastReceiver"
190-->[androidx.work:work-runtime:2.7.1] AndroidManifest.xml:62:13-88
191            android:directBootAware="false"
191-->[androidx.work:work-runtime:2.7.1] AndroidManifest.xml:63:13-44
192            android:enabled="true"
192-->[androidx.work:work-runtime:2.7.1] AndroidManifest.xml:64:13-35
193            android:exported="false" />
193-->[androidx.work:work-runtime:2.7.1] AndroidManifest.xml:65:13-37
194        <receiver
194-->[androidx.work:work-runtime:2.7.1] AndroidManifest.xml:67:9-77:20
195            android:name="androidx.work.impl.background.systemalarm.ConstraintProxy$BatteryChargingProxy"
195-->[androidx.work:work-runtime:2.7.1] AndroidManifest.xml:68:13-106
196            android:directBootAware="false"
196-->[androidx.work:work-runtime:2.7.1] AndroidManifest.xml:69:13-44
197            android:enabled="false"
197-->[androidx.work:work-runtime:2.7.1] AndroidManifest.xml:70:13-36
198            android:exported="false" >
198-->[androidx.work:work-runtime:2.7.1] AndroidManifest.xml:71:13-37
199            <intent-filter>
199-->[androidx.work:work-runtime:2.7.1] AndroidManifest.xml:73:13-76:29
200                <action android:name="android.intent.action.ACTION_POWER_CONNECTED" />
200-->[androidx.work:work-runtime:2.7.1] AndroidManifest.xml:74:17-87
200-->[androidx.work:work-runtime:2.7.1] AndroidManifest.xml:74:25-84
201                <action android:name="android.intent.action.ACTION_POWER_DISCONNECTED" />
201-->[androidx.work:work-runtime:2.7.1] AndroidManifest.xml:75:17-90
201-->[androidx.work:work-runtime:2.7.1] AndroidManifest.xml:75:25-87
202            </intent-filter>
203        </receiver>
204        <receiver
204-->[androidx.work:work-runtime:2.7.1] AndroidManifest.xml:78:9-88:20
205            android:name="androidx.work.impl.background.systemalarm.ConstraintProxy$BatteryNotLowProxy"
205-->[androidx.work:work-runtime:2.7.1] AndroidManifest.xml:79:13-104
206            android:directBootAware="false"
206-->[androidx.work:work-runtime:2.7.1] AndroidManifest.xml:80:13-44
207            android:enabled="false"
207-->[androidx.work:work-runtime:2.7.1] AndroidManifest.xml:81:13-36
208            android:exported="false" >
208-->[androidx.work:work-runtime:2.7.1] AndroidManifest.xml:82:13-37
209            <intent-filter>
209-->[androidx.work:work-runtime:2.7.1] AndroidManifest.xml:84:13-87:29
210                <action android:name="android.intent.action.BATTERY_OKAY" />
210-->[androidx.work:work-runtime:2.7.1] AndroidManifest.xml:85:17-77
210-->[androidx.work:work-runtime:2.7.1] AndroidManifest.xml:85:25-74
211                <action android:name="android.intent.action.BATTERY_LOW" />
211-->[androidx.work:work-runtime:2.7.1] AndroidManifest.xml:86:17-76
211-->[androidx.work:work-runtime:2.7.1] AndroidManifest.xml:86:25-73
212            </intent-filter>
213        </receiver>
214        <receiver
214-->[androidx.work:work-runtime:2.7.1] AndroidManifest.xml:89:9-99:20
215            android:name="androidx.work.impl.background.systemalarm.ConstraintProxy$StorageNotLowProxy"
215-->[androidx.work:work-runtime:2.7.1] AndroidManifest.xml:90:13-104
216            android:directBootAware="false"
216-->[androidx.work:work-runtime:2.7.1] AndroidManifest.xml:91:13-44
217            android:enabled="false"
217-->[androidx.work:work-runtime:2.7.1] AndroidManifest.xml:92:13-36
218            android:exported="false" >
218-->[androidx.work:work-runtime:2.7.1] AndroidManifest.xml:93:13-37
219            <intent-filter>
219-->[androidx.work:work-runtime:2.7.1] AndroidManifest.xml:95:13-98:29
220                <action android:name="android.intent.action.DEVICE_STORAGE_LOW" />
220-->[androidx.work:work-runtime:2.7.1] AndroidManifest.xml:96:17-83
220-->[androidx.work:work-runtime:2.7.1] AndroidManifest.xml:96:25-80
221                <action android:name="android.intent.action.DEVICE_STORAGE_OK" />
221-->[androidx.work:work-runtime:2.7.1] AndroidManifest.xml:97:17-82
221-->[androidx.work:work-runtime:2.7.1] AndroidManifest.xml:97:25-79
222            </intent-filter>
223        </receiver>
224        <receiver
224-->[androidx.work:work-runtime:2.7.1] AndroidManifest.xml:100:9-109:20
225            android:name="androidx.work.impl.background.systemalarm.ConstraintProxy$NetworkStateProxy"
225-->[androidx.work:work-runtime:2.7.1] AndroidManifest.xml:101:13-103
226            android:directBootAware="false"
226-->[androidx.work:work-runtime:2.7.1] AndroidManifest.xml:102:13-44
227            android:enabled="false"
227-->[androidx.work:work-runtime:2.7.1] AndroidManifest.xml:103:13-36
228            android:exported="false" >
228-->[androidx.work:work-runtime:2.7.1] AndroidManifest.xml:104:13-37
229            <intent-filter>
229-->[androidx.work:work-runtime:2.7.1] AndroidManifest.xml:106:13-108:29
230                <action android:name="android.net.conn.CONNECTIVITY_CHANGE" />
230-->[androidx.work:work-runtime:2.7.1] AndroidManifest.xml:107:17-79
230-->[androidx.work:work-runtime:2.7.1] AndroidManifest.xml:107:25-76
231            </intent-filter>
232        </receiver>
233        <receiver
233-->[androidx.work:work-runtime:2.7.1] AndroidManifest.xml:110:9-121:20
234            android:name="androidx.work.impl.background.systemalarm.RescheduleReceiver"
234-->[androidx.work:work-runtime:2.7.1] AndroidManifest.xml:111:13-88
235            android:directBootAware="false"
235-->[androidx.work:work-runtime:2.7.1] AndroidManifest.xml:112:13-44
236            android:enabled="false"
236-->[androidx.work:work-runtime:2.7.1] AndroidManifest.xml:113:13-36
237            android:exported="false" >
237-->[androidx.work:work-runtime:2.7.1] AndroidManifest.xml:114:13-37
238            <intent-filter>
238-->[androidx.work:work-runtime:2.7.1] AndroidManifest.xml:116:13-120:29
239                <action android:name="android.intent.action.BOOT_COMPLETED" />
239-->[androidx.work:work-runtime:2.7.1] AndroidManifest.xml:117:17-79
239-->[androidx.work:work-runtime:2.7.1] AndroidManifest.xml:117:25-76
240                <action android:name="android.intent.action.TIME_SET" />
240-->[androidx.work:work-runtime:2.7.1] AndroidManifest.xml:118:17-73
240-->[androidx.work:work-runtime:2.7.1] AndroidManifest.xml:118:25-70
241                <action android:name="android.intent.action.TIMEZONE_CHANGED" />
241-->[androidx.work:work-runtime:2.7.1] AndroidManifest.xml:119:17-81
241-->[androidx.work:work-runtime:2.7.1] AndroidManifest.xml:119:25-78
242            </intent-filter>
243        </receiver>
244        <receiver
244-->[androidx.work:work-runtime:2.7.1] AndroidManifest.xml:122:9-131:20
245            android:name="androidx.work.impl.background.systemalarm.ConstraintProxyUpdateReceiver"
245-->[androidx.work:work-runtime:2.7.1] AndroidManifest.xml:123:13-99
246            android:directBootAware="false"
246-->[androidx.work:work-runtime:2.7.1] AndroidManifest.xml:124:13-44
247            android:enabled="@bool/enable_system_alarm_service_default"
247-->[androidx.work:work-runtime:2.7.1] AndroidManifest.xml:125:13-72
248            android:exported="false" >
248-->[androidx.work:work-runtime:2.7.1] AndroidManifest.xml:126:13-37
249            <intent-filter>
249-->[androidx.work:work-runtime:2.7.1] AndroidManifest.xml:128:13-130:29
250                <action android:name="androidx.work.impl.background.systemalarm.UpdateProxies" />
250-->[androidx.work:work-runtime:2.7.1] AndroidManifest.xml:129:17-98
250-->[androidx.work:work-runtime:2.7.1] AndroidManifest.xml:129:25-95
251            </intent-filter>
252        </receiver>
253        <receiver
253-->[androidx.work:work-runtime:2.7.1] AndroidManifest.xml:132:9-142:20
254            android:name="androidx.work.impl.diagnostics.DiagnosticsReceiver"
254-->[androidx.work:work-runtime:2.7.1] AndroidManifest.xml:133:13-78
255            android:directBootAware="false"
255-->[androidx.work:work-runtime:2.7.1] AndroidManifest.xml:134:13-44
256            android:enabled="true"
256-->[androidx.work:work-runtime:2.7.1] AndroidManifest.xml:135:13-35
257            android:exported="true"
257-->[androidx.work:work-runtime:2.7.1] AndroidManifest.xml:136:13-36
258            android:permission="android.permission.DUMP" >
258-->[androidx.work:work-runtime:2.7.1] AndroidManifest.xml:137:13-57
259            <intent-filter>
259-->[androidx.work:work-runtime:2.7.1] AndroidManifest.xml:139:13-141:29
260                <action android:name="androidx.work.diagnostics.REQUEST_DIAGNOSTICS" />
260-->[androidx.work:work-runtime:2.7.1] AndroidManifest.xml:140:17-88
260-->[androidx.work:work-runtime:2.7.1] AndroidManifest.xml:140:25-85
261            </intent-filter>
262        </receiver>
263
264        <uses-library
264-->[androidx.window:window:1.0.0-beta04] AndroidManifest.xml:25:9-27:40
265            android:name="androidx.window.extensions"
265-->[androidx.window:window:1.0.0-beta04] AndroidManifest.xml:26:13-54
266            android:required="false" />
266-->[androidx.window:window:1.0.0-beta04] AndroidManifest.xml:27:13-37
267        <uses-library
267-->[androidx.window:window:1.0.0-beta04] AndroidManifest.xml:28:9-30:40
268            android:name="androidx.window.sidecar"
268-->[androidx.window:window:1.0.0-beta04] AndroidManifest.xml:29:13-51
269            android:required="false" />
269-->[androidx.window:window:1.0.0-beta04] AndroidManifest.xml:30:13-37
270
271        <service
271-->[androidx.room:room-runtime:2.2.5] AndroidManifest.xml:25:9-28:40
272            android:name="androidx.room.MultiInstanceInvalidationService"
272-->[androidx.room:room-runtime:2.2.5] AndroidManifest.xml:26:13-74
273            android:directBootAware="true"
273-->[androidx.room:room-runtime:2.2.5] AndroidManifest.xml:27:13-43
274            android:exported="false" />
274-->[androidx.room:room-runtime:2.2.5] AndroidManifest.xml:28:13-37
275    </application>
276
277</manifest>